[LOG] system_create                            : Header version = 2.03.06. Current version = 2.03.06.
[LOG] Manager::init                            : maxchannels = 256 studioflags = 00000006 flags 00000000 extradriverdata 0x0.
[LOG] SystemI::init                            : Initialize version=20306 (149358), maxchannels=256, flags=0x00020000
[LOG] SystemI::setOutputInternal               : Setting output to 'FMOD Core Audio Output'
[LOG] OutputCoreAudio::init                    : Output running 2 channels at 44100Hz sample rate.
[LOG] OutputCoreAudio::init                    : Maximum hardware read size: 512 samples, Software buffer size: 512 samples, Number of software buffers: 4.
[LOG] SystemI::init                            : Output requires a sample rate of 44100Hz, resampling will occur.
[LOG] Thread::initThread                       : Init FMOD stream thread. Affinity: 0x4000000000000003, Priority: 0xFFFF7FFB, Stack Size: 98304, Semaphore: No, Sleep Time: 10, Looping: Yes.
[LOG] SystemI::DSPCodecPoolRegister            : register codec pool for pool type 0
[LOG] Thread::initThread                       : Init FMOD mixer thread. Affinity: 0x4000000000000001, Priority: 0xFFFF7FFA, Stack Size: 81920, Semaphore: Yes, Sleep Time: 0, Looping: Yes.
[LOG] AsyncManager::init                       : manager 0x7f81b16e6c08 isAsync 0 updatePeriod 0.02
[LOG] AsyncManager::init                       : done
[LOG] PlaybackSystem::init                     : 
[LOG] Thread::initThread                       : Init FMOD Studio sample load thread. Affinity: 0x4000000000000003, Priority: 0xFFFF7FFD, Stack Size: 98304, Semaphore: No, Sleep Time: 1, Looping: No.
[LOG] PlaybackSystem::init                     : done
[LOG] Thread::initThread                       : Init FMOD Studio bank load thread. Affinity: 0x4000000000000003, Priority: 0xFFFF7FFD, Stack Size: 98304, Semaphore: No, Sleep Time: 1, Looping: No.
[LOG] Manager::init                            : done.
[LOG] BankLoader::serializeBank                : fileversion = 146, compatVersion = 146 (oldest = 44, newest = 146)
[LOG] BankLoader::serializeBank                : fileversion = 146, compatVersion = 146 (oldest = 44, newest = 146)
[LOG] PlaybackSystem::acquireMasterBus         : Setting master channel group format to 3
[LOG] SystemI::createSoundInternal             : Create name='', mode=0x02000202
[LOG] SystemI::createSoundInternal             : exinfo->cbsize             = 224
[LOG] SystemI::createSoundInternal             : exinfo->length             = 200576
[LOG] SystemI::createSoundInternal             : exinfo->fileoffset         = 31840
[LOG] SystemI::createSoundInternal             : exinfo->numsubsounds       = 1
[LOG] SystemI::createSoundInternal             : exinfo->inclusionlist      = 0x70000a2f2914
[LOG] SystemI::createSoundInternal             : exinfo->inclusionlistnum   = 1
[LOG] SystemI::createSoundInternal             : exinfo->suggestedsoundtype = 5
[LOG] SystemI::createSoundInternal             : exinfo->useropen           = 0x1b6748212
[LOG] SystemI::createSoundInternal             : exinfo->userclose          = 0x1b67482d6
[LOG] SystemI::createSoundInternal             : exinfo->userread           = 0x1b6748309
[LOG] SystemI::createSoundInternal             : exinfo->userseek           = 0x1b67483a8
[LOG] SystemI::createSoundInternal             : exinfo->fileuserdata       = 0x7f80f0f0b3f8
[LOG] SystemI::createSoundInternal             : exinfo->initialseekpostype = 1
[LOG] SystemI::DSPCodecPoolRegister            : register codec pool for pool type 4
[LOG] SystemI::createSoundInternal             : Sample 0/1: name='fs_metal - Trimmed (3)', format=5, channels=2, frequency=48000, lengthbytes=3360, lengthpcm=13117, pcmblocksize=0, loopstart=0, loopend=0, mode=0x00000000, channelmask=0x00000000, channelorder=0, peakvolume=0.134979.
[LOG] SystemI::createSoundInternal             : Create name='', mode=0x02000202
[LOG] SystemI::createSoundInternal             : exinfo->cbsize             = 224
[LOG] SystemI::createSoundInternal             : exinfo->length             = 200576
[LOG] SystemI::createSoundInternal             : exinfo->fileoffset         = 31840
[LOG] SystemI::createSoundInternal             : exinfo->numsubsounds       = 1
[LOG] SystemI::createSoundInternal             : exinfo->inclusionlist      = 0x70000a2f2914
[LOG] SystemI::createSoundInternal             : exinfo->inclusionlistnum   = 1
[LOG] SystemI::createSoundInternal             : exinfo->suggestedsoundtype = 5
[LOG] SystemI::createSoundInternal             : exinfo->useropen           = 0x1b6748212
[LOG] SystemI::createSoundInternal             : exinfo->userclose          = 0x1b67482d6
[LOG] SystemI::createSoundInternal             : exinfo->userread           = 0x1b6748309
[LOG] SystemI::createSoundInternal             : exinfo->userseek           = 0x1b67483a8
[LOG] SystemI::createSoundInternal             : exinfo->fileuserdata       = 0x7f80f0f0b3f8
[LOG] SystemI::createSoundInternal             : exinfo->initialseekpostype = 1
[LOG] SystemI::DSPCodecPoolRegister            : register codec pool for pool type 4
[LOG] SystemI::createSoundInternal             : Sample 0/1: name='fs_metal - Trimmed (11)', format=5, channels=2, frequency=48000, lengthbytes=3360, lengthpcm=13104, pcmblocksize=0, loopstart=0, loopend=0, mode=0x00000000, channelmask=0x00000000, channelorder=0, peakvolume=0.136963.
[LOG] SystemI::createSoundInternal             : Create name='', mode=0x02000202
[LOG] SystemI::createSoundInternal             : exinfo->cbsize             = 224
[LOG] SystemI::createSoundInternal             : exinfo->length             = 200576
[LOG] SystemI::createSoundInternal             : exinfo->fileoffset         = 31840
[LOG] SystemI::createSoundInternal             : exinfo->numsubsounds       = 1
[LOG] SystemI::createSoundInternal             : exinfo->inclusionlist      = 0x70000a2f2914
[LOG] SystemI::createSoundInternal             : exinfo->inclusionlistnum   = 1
[LOG] SystemI::createSoundInternal             : exinfo->suggestedsoundtype = 5
[LOG] SystemI::createSoundInternal             : exinfo->useropen           = 0x1b6748212
[LOG] SystemI::createSoundInternal             : exinfo->userclose          = 0x1b67482d6
[LOG] SystemI::createSoundInternal             : exinfo->userread           = 0x1b6748309
[LOG] SystemI::createSoundInternal             : exinfo->userseek           = 0x1b67483a8
[LOG] SystemI::createSoundInternal             : exinfo->fileuserdata       = 0x7f80f0f0b3f8
[LOG] SystemI::createSoundInternal             : exinfo->initialseekpostype = 1
[LOG] SystemI::DSPCodecPoolRegister            : register codec pool for pool type 4
[LOG] SystemI::createSoundInternal             : Sample 0/1: name='fs_metal - Trimmed (10)', format=5, channels=2, frequency=48000, lengthbytes=3200, lengthpcm=13085, pcmblocksize=0, loopstart=0, loopend=0, mode=0x00000000, channelmask=0x00000000, channelorder=0, peakvolume=0.139984.
[LOG] SystemI::createSoundInternal             : Create name='', mode=0x02000202
[LOG] SystemI::createSoundInternal             : exinfo->cbsize             = 224
[LOG] SystemI::createSoundInternal             : exinfo->length             = 200576
[LOG] SystemI::createSoundInternal             : exinfo->fileoffset         = 31840
[LOG] SystemI::createSoundInternal             : exinfo->numsubsounds       = 1
[LOG] SystemI::createSoundInternal             : exinfo->inclusionlist      = 0x70000a2f2914
[LOG] SystemI::createSoundInternal             : exinfo->inclusionlistnum   = 1
[LOG] SystemI::createSoundInternal             : exinfo->suggestedsoundtype = 5
[LOG] SystemI::createSoundInternal             : exinfo->useropen           = 0x1b6748212
[LOG] SystemI::createSoundInternal             : exinfo->userclose          = 0x1b67482d6
[LOG] SystemI::createSoundInternal             : exinfo->userread           = 0x1b6748309
[LOG] SystemI::createSoundInternal             : exinfo->userseek           = 0x1b67483a8
[LOG] SystemI::createSoundInternal             : exinfo->fileuserdata       = 0x7f80f0f0b3f8
[LOG] SystemI::createSoundInternal             : exinfo->initialseekpostype = 1
[LOG] SystemI::DSPCodecPoolRegister            : register codec pool for pool type 4
[LOG] SystemI::createSoundInternal             : Sample 0/1: name='fs_concrete - Trimmed (6)', format=5, channels=2, frequency=48000, lengthbytes=3072, lengthpcm=13076, pcmblocksize=0, loopstart=0, loopend=0, mode=0x00000000, channelmask=0x00000000, channelorder=0, peakvolume=0.147339.
[LOG] SystemI::createSoundInternal             : Create name='', mode=0x02000202
[LOG] SystemI::createSoundInternal             : exinfo->cbsize             = 224
[LOG] SystemI::createSoundInternal             : exinfo->length             = 200576
[LOG] SystemI::createSoundInternal             : exinfo->fileoffset         = 31840
[LOG] SystemI::createSoundInternal             : exinfo->numsubsounds       = 1
[LOG] SystemI::createSoundInternal             : exinfo->inclusionlist      = 0x70000a2f2914
[LOG] SystemI::createSoundInternal             : exinfo->inclusionlistnum   = 1
[LOG] SystemI::createSoundInternal             : exinfo->suggestedsoundtype = 5
[LOG] SystemI::createSoundInternal             : exinfo->useropen           = 0x1b6748212
[LOG] SystemI::createSoundInternal             : exinfo->userclose          = 0x1b67482d6
[LOG] SystemI::createSoundInternal             : exinfo->userread           = 0x1b6748309
[LOG] SystemI::createSoundInternal             : exinfo->userseek           = 0x1b67483a8
[LOG] SystemI::createSoundInternal             : exinfo->fileuserdata       = 0x7f80f0f0b3f8
[LOG] SystemI::createSoundInternal             : exinfo->initialseekpostype = 1
[LOG] SystemI::DSPCodecPoolRegister            : register codec pool for pool type 4
[LOG] SystemI::createSoundInternal             : Sample 0/1: name='fs_metal - Trimmed (5)', format=5, channels=2, frequency=48000, lengthbytes=3232, lengthpcm=13096, pcmblocksize=0, loopstart=0, loopend=0, mode=0x00000000, channelmask=0x00000000, channelorder=0, peakvolume=0.135742.
[LOG] SystemI::createSoundInternal             : Create name='', mode=0x02000202
[LOG] SystemI::createSoundInternal             : exinfo->cbsize             = 224
[LOG] SystemI::createSoundInternal             : exinfo->length             = 200576
[LOG] SystemI::createSoundInternal             : exinfo->fileoffset         = 31840
[LOG] SystemI::createSoundInternal             : exinfo->numsubsounds       = 1
[LOG] SystemI::createSoundInternal             : exinfo->inclusionlist      = 0x70000a2f2914
[LOG] SystemI::createSoundInternal             : exinfo->inclusionlistnum   = 1
[LOG] SystemI::createSoundInternal             : exinfo->suggestedsoundtype = 5
[LOG] SystemI::createSoundInternal             : exinfo->useropen           = 0x1b6748212
[LOG] SystemI::createSoundInternal             : exinfo->userclose          = 0x1b67482d6
[LOG] SystemI::createSoundInternal             : exinfo->userread           = 0x1b6748309
[LOG] SystemI::createSoundInternal             : exinfo->userseek           = 0x1b67483a8
[LOG] SystemI::createSoundInternal             : exinfo->fileuserdata       = 0x7f80f0f0b3f8
[LOG] SystemI::createSoundInternal             : exinfo->initialseekpostype = 1
[LOG] SystemI::DSPCodecPoolRegister            : register codec pool for pool type 4
[LOG] SystemI::createSoundInternal             : Sample 0/1: name='fs_metal - Trimmed (4)', format=5, channels=2, frequency=48000, lengthbytes=3232, lengthpcm=13102, pcmblocksize=0, loopstart=0, loopend=0, mode=0x00000000, channelmask=0x00000000, channelorder=0, peakvolume=0.136169.
[LOG] SystemI::createSoundInternal             : Create name='', mode=0x02000202
[LOG] SystemI::createSoundInternal             : exinfo->cbsize             = 224
[LOG] SystemI::createSoundInternal             : exinfo->length             = 200576
[LOG] SystemI::createSoundInternal             : exinfo->fileoffset         = 31840
[LOG] SystemI::createSoundInternal             : exinfo->numsubsounds       = 1
[LOG] SystemI::createSoundInternal             : exinfo->inclusionlist      = 0x70000a2f2914
[LOG] SystemI::createSoundInternal             : exinfo->inclusionlistnum   = 1
[LOG] SystemI::createSoundInternal             : exinfo->suggestedsoundtype = 5
[LOG] SystemI::createSoundInternal             : exinfo->useropen           = 0x1b6748212
[LOG] SystemI::createSoundInternal             : exinfo->userclose          = 0x1b67482d6
[LOG] SystemI::createSoundInternal             : exinfo->userread           = 0x1b6748309
[LOG] SystemI::createSoundInternal             : exinfo->userseek           = 0x1b67483a8
[LOG] SystemI::createSoundInternal             : exinfo->fileuserdata       = 0x7f80f0f0b3f8
[LOG] SystemI::createSoundInternal             : exinfo->initialseekpostype = 1
[LOG] SystemI::DSPCodecPoolRegister            : register codec pool for pool type 4
[LOG] SystemI::createSoundInternal             : Sample 0/1: name='fs_metal - Trimmed (16)', format=5, channels=2, frequency=48000, lengthbytes=3232, lengthpcm=13074, pcmblocksize=0, loopstart=0, loopend=0, mode=0x00000000, channelmask=0x00000000, channelorder=0, peakvolume=0.136597.
[LOG] SystemI::createSoundInternal             : Create name='', mode=0x02000202
[LOG] SystemI::createSoundInternal             : exinfo->cbsize             = 224
[LOG] SystemI::createSoundInternal             : exinfo->length             = 200576
[LOG] SystemI::createSoundInternal             : exinfo->fileoffset         = 31840
[LOG] SystemI::createSoundInternal             : exinfo->numsubsounds       = 1
[LOG] SystemI::createSoundInternal             : exinfo->inclusionlist      = 0x70000a2f2914
[LOG] SystemI::createSoundInternal             : exinfo->inclusionlistnum   = 1
[LOG] SystemI::createSoundInternal             : exinfo->suggestedsoundtype = 5
[LOG] SystemI::createSoundInternal             : exinfo->useropen           = 0x1b6748212
[LOG] SystemI::createSoundInternal             : exinfo->userclose          = 0x1b67482d6
[LOG] SystemI::createSoundInternal             : exinfo->userread           = 0x1b6748309
[LOG] SystemI::createSoundInternal             : exinfo->userseek           = 0x1b67483a8
[LOG] SystemI::createSoundInternal             : exinfo->fileuserdata       = 0x7f80f0f0b3f8
[LOG] SystemI::createSoundInternal             : exinfo->initialseekpostype = 1
[LOG] SystemI::DSPCodecPoolRegister            : register codec pool for pool type 4
[LOG] SystemI::createSoundInternal             : Sample 0/1: name='fs_concrete - Trimmed (14)', format=5, channels=2, frequency=48000, lengthbytes=3232, lengthpcm=13079, pcmblocksize=0, loopstart=0, loopend=0, mode=0x00000000, channelmask=0x00000000, channelorder=0, peakvolume=0.154877.
[LOG] SystemI::createSoundInternal             : Create name='', mode=0x02000202
[LOG] SystemI::createSoundInternal             : exinfo->cbsize             = 224
[LOG] SystemI::createSoundInternal             : exinfo->length             = 200576
[LOG] SystemI::createSoundInternal             : exinfo->fileoffset         = 31840
[LOG] SystemI::createSoundInternal             : exinfo->numsubsounds       = 1
[LOG] SystemI::createSoundInternal             : exinfo->inclusionlist      = 0x70000a2f2914
[LOG] SystemI::createSoundInternal             : exinfo->inclusionlistnum   = 1
[LOG] SystemI::createSoundInternal             : exinfo->suggestedsoundtype = 5
[LOG] SystemI::createSoundInternal             : exinfo->useropen           = 0x1b6748212
[LOG] SystemI::createSoundInternal             : exinfo->userclose          = 0x1b67482d6
[LOG] SystemI::createSoundInternal             : exinfo->userread           = 0x1b6748309
[LOG] SystemI::createSoundInternal             : exinfo->userseek           = 0x1b67483a8
[LOG] SystemI::createSoundInternal             : exinfo->fileuserdata       = 0x7f80f0f0b3f8
[LOG] SystemI::createSoundInternal             : exinfo->initialseekpostype = 1
[LOG] SystemI::DSPCodecPoolRegister            : register codec pool for pool type 4
[LOG] SystemI::createSoundInternal             : Sample 0/1: name='fs_concrete - Trimmed (12)', format=5, channels=2, frequency=48000, lengthbytes=3296, lengthpcm=13068, pcmblocksize=0, loopstart=0, loopend=0, mode=0x00000000, channelmask=0x00000000, channelorder=0, peakvolume=0.146973.
[LOG] SystemI::createSoundInternal             : Create name='', mode=0x02000202
[LOG] SystemI::createSoundInternal             : exinfo->cbsize             = 224
[LOG] SystemI::createSoundInternal             : exinfo->length             = 200576
[LOG] SystemI::createSoundInternal             : exinfo->fileoffset         = 31840
[LOG] SystemI::createSoundInternal             : exinfo->numsubsounds       = 1
[LOG] SystemI::createSoundInternal             : exinfo->inclusionlist      = 0x70000a2f2914
[LOG] SystemI::createSoundInternal             : exinfo->inclusionlistnum   = 1
[LOG] SystemI::createSoundInternal             : exinfo->suggestedsoundtype = 5
[LOG] SystemI::createSoundInternal             : exinfo->useropen           = 0x1b6748212
[LOG] SystemI::createSoundInternal             : exinfo->userclose          = 0x1b67482d6
[LOG] SystemI::createSoundInternal             : exinfo->userread           = 0x1b6748309
[LOG] SystemI::createSoundInternal             : exinfo->userseek           = 0x1b67483a8
[LOG] SystemI::createSoundInternal             : exinfo->fileuserdata       = 0x7f80f0f0b3f8
[LOG] SystemI::createSoundInternal             : exinfo->initialseekpostype = 1
[LOG] SystemI::DSPCodecPoolRegister            : register codec pool for pool type 4
[LOG] SystemI::createSoundInternal             : Sample 0/1: name='fs_concrete - Trimmed (10)', format=5, channels=2, frequency=48000, lengthbytes=3296, lengthpcm=13289, pcmblocksize=0, loopstart=0, loopend=0, mode=0x00000000, channelmask=0x00000000, channelorder=0, peakvolume=0.144806.
[LOG] SystemI::createSoundInternal             : Create name='', mode=0x02000202
[LOG] SystemI::createSoundInternal             : exinfo->cbsize             = 224
[LOG] SystemI::createSoundInternal             : exinfo->length             = 200576
[LOG] SystemI::createSoundInternal             : exinfo->fileoffset         = 31840
[LOG] SystemI::createSoundInternal             : exinfo->numsubsounds       = 1
[LOG] SystemI::createSoundInternal             : exinfo->inclusionlist      = 0x70000a2f2914
[LOG] SystemI::createSoundInternal             : exinfo->inclusionlistnum   = 1
[LOG] SystemI::createSoundInternal             : exinfo->suggestedsoundtype = 5
[LOG] SystemI::createSoundInternal             : exinfo->useropen           = 0x1b6748212
[LOG] SystemI::createSoundInternal             : exinfo->userclose          = 0x1b67482d6
[LOG] SystemI::createSoundInternal             : exinfo->userread           = 0x1b6748309
[LOG] SystemI::createSoundInternal             : exinfo->userseek           = 0x1b67483a8
[LOG] SystemI::createSoundInternal             : exinfo->fileuserdata       = 0x7f80f0f0b3f8
[LOG] SystemI::createSoundInternal             : exinfo->initialseekpostype = 1
[LOG] SystemI::DSPCodecPoolRegister            : register codec pool for pool type 4
[LOG] SystemI::createSoundInternal             : Sample 0/1: name='fs_concrete - Trimmed (4)', format=5, channels=2, frequency=48000, lengthbytes=3328, lengthpcm=13102, pcmblocksize=0, loopstart=0, loopend=0, mode=0x00000000, channelmask=0x00000000, channelorder=0, peakvolume=0.151062.
[LOG] SystemI::createSoundInternal             : Create name='', mode=0x02000202
[LOG] SystemI::createSoundInternal             : exinfo->cbsize             = 224
[LOG] SystemI::createSoundInternal             : exinfo->length             = 200576
[LOG] SystemI::createSoundInternal             : exinfo->fileoffset         = 31840
[LOG] SystemI::createSoundInternal             : exinfo->numsubsounds       = 1
[LOG] SystemI::createSoundInternal             : exinfo->inclusionlist      = 0x70000a2f2914
[LOG] SystemI::createSoundInternal             : exinfo->inclusionlistnum   = 1
[LOG] SystemI::createSoundInternal             : exinfo->suggestedsoundtype = 5
[LOG] SystemI::createSoundInternal             : exinfo->useropen           = 0x1b6748212
[LOG] SystemI::createSoundInternal             : exinfo->userclose          = 0x1b67482d6
[LOG] SystemI::createSoundInternal             : exinfo->userread           = 0x1b6748309
[LOG] SystemI::createSoundInternal             : exinfo->userseek           = 0x1b67483a8
[LOG] SystemI::createSoundInternal             : exinfo->fileuserdata       = 0x7f80f0f0b3f8
[LOG] SystemI::createSoundInternal             : exinfo->initialseekpostype = 1
[LOG] SystemI::DSPCodecPoolRegister            : register codec pool for pool type 4
[LOG] SystemI::createSoundInternal             : Sample 0/1: name='fs_concrete - Trimmed (16)', format=5, channels=2, frequency=48000, lengthbytes=3264, lengthpcm=13098, pcmblocksize=0, loopstart=0, loopend=0, mode=0x00000000, channelmask=0x00000000, channelorder=0, peakvolume=0.139496.
[LOG] SystemI::createSoundInternal             : Create name='', mode=0x02000202
[LOG] SystemI::createSoundInternal             : exinfo->cbsize             = 224
[LOG] SystemI::createSoundInternal             : exinfo->length             = 200576
[LOG] SystemI::createSoundInternal             : exinfo->fileoffset         = 31840
[LOG] SystemI::createSoundInternal             : exinfo->numsubsounds       = 1
[LOG] SystemI::createSoundInternal             : exinfo->inclusionlist      = 0x70000a2f2914
[LOG] SystemI::createSoundInternal             : exinfo->inclusionlistnum   = 1
[LOG] SystemI::createSoundInternal             : exinfo->suggestedsoundtype = 5
[LOG] SystemI::createSoundInternal             : exinfo->useropen           = 0x1b6748212
[LOG] SystemI::createSoundInternal             : exinfo->userclose          = 0x1b67482d6
[LOG] SystemI::createSoundInternal             : exinfo->userread           = 0x1b6748309
[LOG] SystemI::createSoundInternal             : exinfo->userseek           = 0x1b67483a8
[LOG] SystemI::createSoundInternal             : exinfo->fileuserdata       = 0x7f80f0f0b3f8
[LOG] SystemI::createSoundInternal             : exinfo->initialseekpostype = 1
[LOG] SystemI::DSPCodecPoolRegister            : register codec pool for pool type 4
[LOG] SystemI::createSoundInternal             : Sample 0/1: name='fs_metal - Trimmed (6)', format=5, channels=2, frequency=48000, lengthbytes=3264, lengthpcm=13076, pcmblocksize=0, loopstart=0, loopend=0, mode=0x00000000, channelmask=0x00000000, channelorder=0, peakvolume=0.140350.
[LOG] SystemI::createSoundInternal             : Create name='', mode=0x02000202
[LOG] SystemI::createSoundInternal             : exinfo->cbsize             = 224
[LOG] SystemI::createSoundInternal             : exinfo->length             = 200576
[LOG] SystemI::createSoundInternal             : exinfo->fileoffset         = 31840
[LOG] SystemI::createSoundInternal             : exinfo->numsubsounds       = 1
[LOG] SystemI::createSoundInternal             : exinfo->inclusionlist      = 0x70000a2f2914
[LOG] SystemI::createSoundInternal             : exinfo->inclusionlistnum   = 1
[LOG] SystemI::createSoundInternal             : exinfo->suggestedsoundtype = 5
[LOG] SystemI::createSoundInternal             : exinfo->useropen           = 0x1b6748212
[LOG] SystemI::createSoundInternal             : exinfo->userclose          = 0x1b67482d6
[LOG] SystemI::createSoundInternal             : exinfo->userread           = 0x1b6748309
[LOG] SystemI::createSoundInternal             : exinfo->userseek           = 0x1b67483a8
[LOG] SystemI::createSoundInternal             : exinfo->fileuserdata       = 0x7f80f0f0b3f8
[LOG] SystemI::createSoundInternal             : exinfo->initialseekpostype = 1
[LOG] SystemI::DSPCodecPoolRegister            : register codec pool for pool type 4
[LOG] SystemI::createSoundInternal             : Sample 0/1: name='fs_concrete - Trimmed (9)', format=5, channels=2, frequency=48000, lengthbytes=3072, lengthpcm=12994, pcmblocksize=0, loopstart=0, loopend=0, mode=0x00000000, channelmask=0x00000000, channelorder=0, peakvolume=0.149933.
[LOG] SystemI::createSoundInternal             : Create name='', mode=0x02000202
[LOG] SystemI::createSoundInternal             : exinfo->cbsize             = 224
[LOG] SystemI::createSoundInternal             : exinfo->length             = 200576
[LOG] SystemI::createSoundInternal             : exinfo->fileoffset         = 31840
[LOG] SystemI::createSoundInternal             : exinfo->numsubsounds       = 1
[LOG] SystemI::createSoundInternal             : exinfo->inclusionlist      = 0x70000a2f2914
[LOG] SystemI::createSoundInternal             : exinfo->inclusionlistnum   = 1
[LOG] SystemI::createSoundInternal             : exinfo->suggestedsoundtype = 5
[LOG] SystemI::createSoundInternal             : exinfo->useropen           = 0x1b6748212
[LOG] SystemI::createSoundInternal             : exinfo->userclose          = 0x1b67482d6
[LOG] SystemI::createSoundInternal             : exinfo->userread           = 0x1b6748309
[LOG] SystemI::createSoundInternal             : exinfo->userseek           = 0x1b67483a8
[LOG] SystemI::createSoundInternal             : exinfo->fileuserdata       = 0x7f80f0f0b3f8
[LOG] SystemI::createSoundInternal             : exinfo->initialseekpostype = 1
[LOG] SystemI::DSPCodecPoolRegister            : register codec pool for pool type 4
[LOG] SystemI::createSoundInternal             : Sample 0/1: name='fs_metal - Trimmed (14)', format=5, channels=2, frequency=48000, lengthbytes=3232, lengthpcm=13098, pcmblocksize=0, loopstart=0, loopend=0, mode=0x00000000, channelmask=0x00000000, channelorder=0, peakvolume=0.140717.
[LOG] SystemI::createSoundInternal             : Create name='', mode=0x02000202
[LOG] SystemI::createSoundInternal             : exinfo->cbsize             = 224
[LOG] SystemI::createSoundInternal             : exinfo->length             = 200576
[LOG] SystemI::createSoundInternal             : exinfo->fileoffset         = 31840
[LOG] SystemI::createSoundInternal             : exinfo->numsubsounds       = 1
[LOG] SystemI::createSoundInternal             : exinfo->inclusionlist      = 0x70000a2f2914
[LOG] SystemI::createSoundInternal             : exinfo->inclusionlistnum   = 1
[LOG] SystemI::createSoundInternal             : exinfo->suggestedsoundtype = 5
[LOG] SystemI::createSoundInternal             : exinfo->useropen           = 0x1b6748212
[LOG] SystemI::createSoundInternal             : exinfo->userclose          = 0x1b67482d6
[LOG] SystemI::createSoundInternal             : exinfo->userread           = 0x1b6748309
[LOG] SystemI::createSoundInternal             : exinfo->userseek           = 0x1b67483a8
[LOG] SystemI::createSoundInternal             : exinfo->fileuserdata       = 0x7f80f0f0b3f8
[LOG] SystemI::createSoundInternal             : exinfo->initialseekpostype = 1
[LOG] SystemI::DSPCodecPoolRegister            : register codec pool for pool type 4
[LOG] SystemI::createSoundInternal             : Sample 0/1: name='fs_metal - Trimmed (13)', format=5, channels=2, frequency=48000, lengthbytes=3264, lengthpcm=13099, pcmblocksize=0, loopstart=0, loopend=0, mode=0x00000000, channelmask=0x00000000, channelorder=0, peakvolume=0.134979.
[LOG] SystemI::createSoundInternal             : Create name='', mode=0x02000202
[LOG] SystemI::createSoundInternal             : exinfo->cbsize             = 224
[LOG] SystemI::createSoundInternal             : exinfo->length             = 200576
[LOG] SystemI::createSoundInternal             : exinfo->fileoffset         = 31840
[LOG] SystemI::createSoundInternal             : exinfo->numsubsounds       = 1
[LOG] SystemI::createSoundInternal             : exinfo->inclusionlist      = 0x70000a2f2914
[LOG] SystemI::createSoundInternal             : exinfo->inclusionlistnum   = 1
[LOG] SystemI::createSoundInternal             : exinfo->suggestedsoundtype = 5
[LOG] SystemI::createSoundInternal             : exinfo->useropen           = 0x1b6748212
[LOG] SystemI::createSoundInternal             : exinfo->userclose          = 0x1b67482d6
[LOG] SystemI::createSoundInternal             : exinfo->userread           = 0x1b6748309
[LOG] SystemI::createSoundInternal             : exinfo->userseek           = 0x1b67483a8
[LOG] SystemI::createSoundInternal             : exinfo->fileuserdata       = 0x7f80f0f0b3f8
[LOG] SystemI::createSoundInternal             : exinfo->initialseekpostype = 1
[LOG] SystemI::DSPCodecPoolRegister            : register codec pool for pool type 4
[LOG] SystemI::createSoundInternal             : Sample 0/1: name='fs_concrete - Trimmed (15)', format=5, channels=2, frequency=48000, lengthbytes=3168, lengthpcm=13146, pcmblocksize=0, loopstart=0, loopend=0, mode=0x00000000, channelmask=0x00000000, channelorder=0, peakvolume=0.150543.
[LOG] SystemI::createSoundInternal             : Create name='', mode=0x02000202
[LOG] SystemI::createSoundInternal             : exinfo->cbsize             = 224
[LOG] SystemI::createSoundInternal             : exinfo->length             = 200576
[LOG] SystemI::createSoundInternal             : exinfo->fileoffset         = 31840
[LOG] SystemI::createSoundInternal             : exinfo->numsubsounds       = 1
[LOG] SystemI::createSoundInternal             : exinfo->inclusionlist      = 0x70000a2f2914
[LOG] SystemI::createSoundInternal             : exinfo->inclusionlistnum   = 1
[LOG] SystemI::createSoundInternal             : exinfo->suggestedsoundtype = 5
[LOG] SystemI::createSoundInternal             : exinfo->useropen           = 0x1b6748212
[LOG] SystemI::createSoundInternal             : exinfo->userclose          = 0x1b67482d6
[LOG] SystemI::createSoundInternal             : exinfo->userread           = 0x1b6748309
[LOG] SystemI::createSoundInternal             : exinfo->userseek           = 0x1b67483a8
[LOG] SystemI::createSoundInternal             : exinfo->fileuserdata       = 0x7f80f0f0b3f8
[LOG] SystemI::createSoundInternal             : exinfo->initialseekpostype = 1
[LOG] SystemI::DSPCodecPoolRegister            : register codec pool for pool type 4
[LOG] SystemI::createSoundInternal             : Sample 0/1: name='fs_metal - Trimmed (12)', format=5, channels=2, frequency=48000, lengthbytes=3168, lengthpcm=13106, pcmblocksize=0, loopstart=0, loopend=0, mode=0x00000000, channelmask=0x00000000, channelorder=0, peakvolume=0.139526.
[LOG] SystemI::createSoundInternal             : Create name='', mode=0x02000202
[LOG] SystemI::createSoundInternal             : exinfo->cbsize             = 224
[LOG] SystemI::createSoundInternal             : exinfo->length             = 200576
[LOG] SystemI::createSoundInternal             : exinfo->fileoffset         = 31840
[LOG] SystemI::createSoundInternal             : exinfo->numsubsounds       = 1
[LOG] SystemI::createSoundInternal             : exinfo->inclusionlist      = 0x70000a2f2914
[LOG] SystemI::createSoundInternal             : exinfo->inclusionlistnum   = 1
[LOG] SystemI::createSoundInternal             : exinfo->suggestedsoundtype = 5
[LOG] SystemI::createSoundInternal             : exinfo->useropen           = 0x1b6748212
[LOG] SystemI::createSoundInternal             : exinfo->userclose          = 0x1b67482d6
[LOG] SystemI::createSoundInternal             : exinfo->userread           = 0x1b6748309
[LOG] SystemI::createSoundInternal             : exinfo->userseek           = 0x1b67483a8
[LOG] SystemI::createSoundInternal             : exinfo->fileuserdata       = 0x7f80f0f0b3f8
[LOG] SystemI::createSoundInternal             : exinfo->initialseekpostype = 1
[LOG] SystemI::DSPCodecPoolRegister            : register codec pool for pool type 4
[LOG] SystemI::createSoundInternal             : Sample 0/1: name='fs_concrete - Trimmed (5)', format=5, channels=2, frequency=48000, lengthbytes=3136, lengthpcm=13096, pcmblocksize=0, loopstart=0, loopend=0, mode=0x00000000, channelmask=0x00000000, channelorder=0, peakvolume=0.147797.
[LOG] SystemI::createSoundInternal             : Create name='', mode=0x02000202
[LOG] SystemI::createSoundInternal             : exinfo->cbsize             = 224
[LOG] SystemI::createSoundInternal             : exinfo->length             = 200576
[LOG] SystemI::createSoundInternal             : exinfo->fileoffset         = 31840
[LOG] SystemI::createSoundInternal             : exinfo->numsubsounds       = 1
[LOG] SystemI::createSoundInternal             : exinfo->inclusionlist      = 0x70000a2f2914
[LOG] SystemI::createSoundInternal             : exinfo->inclusionlistnum   = 1
[LOG] SystemI::createSoundInternal             : exinfo->suggestedsoundtype = 5
[LOG] SystemI::createSoundInternal             : exinfo->useropen           = 0x1b6748212
[LOG] SystemI::createSoundInternal             : exinfo->userclose          = 0x1b67482d6
[LOG] SystemI::createSoundInternal             : exinfo->userread           = 0x1b6748309
[LOG] SystemI::createSoundInternal             : exinfo->userseek           = 0x1b67483a8
[LOG] SystemI::createSoundInternal             : exinfo->fileuserdata       = 0x7f80f0f0b3f8
[LOG] SystemI::createSoundInternal             : exinfo->initialseekpostype = 1
[LOG] SystemI::DSPCodecPoolRegister            : register codec pool for pool type 4
[LOG] SystemI::createSoundInternal             : Sample 0/1: name='fs_metal - Trimmed (8)', format=5, channels=2, frequency=48000, lengthbytes=3360, lengthpcm=13093, pcmblocksize=0, loopstart=0, loopend=0, mode=0x00000000, channelmask=0x00000000, channelorder=0, peakvolume=0.134857.
[LOG] SystemI::createSoundInternal             : Create name='', mode=0x02000202
[LOG] SystemI::createSoundInternal             : exinfo->cbsize             = 224
[LOG] SystemI::createSoundInternal             : exinfo->length             = 200576
[LOG] SystemI::createSoundInternal             : exinfo->fileoffset         = 31840
[LOG] SystemI::createSoundInternal             : exinfo->numsubsounds       = 1
[LOG] SystemI::createSoundInternal             : exinfo->inclusionlist      = 0x70000a2f2914
[LOG] SystemI::createSoundInternal             : exinfo->inclusionlistnum   = 1
[LOG] SystemI::createSoundInternal             : exinfo->suggestedsoundtype = 5
[LOG] SystemI::createSoundInternal             : exinfo->useropen           = 0x1b6748212
[LOG] SystemI::createSoundInternal             : exinfo->userclose          = 0x1b67482d6
[LOG] SystemI::createSoundInternal             : exinfo->userread           = 0x1b6748309
[LOG] SystemI::createSoundInternal             : exinfo->userseek           = 0x1b67483a8
[LOG] SystemI::createSoundInternal             : exinfo->fileuserdata       = 0x7f80f0f0b3f8
[LOG] SystemI::createSoundInternal             : exinfo->initialseekpostype = 1
[LOG] SystemI::DSPCodecPoolRegister            : register codec pool for pool type 4
[LOG] SystemI::createSoundInternal             : Sample 0/1: name='fs_metal - Trimmed (9)', format=5, channels=2, frequency=48000, lengthbytes=3168, lengthpcm=13101, pcmblocksize=0, loopstart=0, loopend=0, mode=0x00000000, channelmask=0x00000000, channelorder=0, peakvolume=0.138916.
[LOG] SystemI::createSoundInternal             : Create name='', mode=0x02000202
[LOG] SystemI::createSoundInternal             : exinfo->cbsize             = 224
[LOG] SystemI::createSoundInternal             : exinfo->length             = 200576
[LOG] SystemI::createSoundInternal             : exinfo->fileoffset         = 31840
[LOG] SystemI::createSoundInternal             : exinfo->numsubsounds       = 1
[LOG] SystemI::createSoundInternal             : exinfo->inclusionlist      = 0x70000a2f2914
[LOG] SystemI::createSoundInternal             : exinfo->inclusionlistnum   = 1
[LOG] SystemI::createSoundInternal             : exinfo->suggestedsoundtype = 5
[LOG] SystemI::createSoundInternal             : exinfo->useropen           = 0x1b6748212
[LOG] SystemI::createSoundInternal             : exinfo->userclose          = 0x1b67482d6
[LOG] SystemI::createSoundInternal             : exinfo->userread           = 0x1b6748309
[LOG] SystemI::createSoundInternal             : exinfo->userseek           = 0x1b67483a8
[LOG] SystemI::createSoundInternal             : exinfo->fileuserdata       = 0x7f80f0f0b3f8
[LOG] SystemI::createSoundInternal             : exinfo->initialseekpostype = 1
[LOG] SystemI::DSPCodecPoolRegister            : register codec pool for pool type 4
[LOG] SystemI::createSoundInternal             : Sample 0/1: name='fs_concrete - Trimmed (3)', format=5, channels=2, frequency=48000, lengthbytes=3136, lengthpcm=13117, pcmblocksize=0, loopstart=0, loopend=0, mode=0x00000000, channelmask=0x00000000, channelorder=0, peakvolume=0.153198.
[LOG] SystemI::createSoundInternal             : Create name='', mode=0x02000202
[LOG] SystemI::createSoundInternal             : exinfo->cbsize             = 224
[LOG] SystemI::createSoundInternal             : exinfo->length             = 200576
[LOG] SystemI::createSoundInternal             : exinfo->fileoffset         = 31840
[LOG] SystemI::createSoundInternal             : exinfo->numsubsounds       = 1
[LOG] SystemI::createSoundInternal             : exinfo->inclusionlist      = 0x70000a2f2914
[LOG] SystemI::createSoundInternal             : exinfo->inclusionlistnum   = 1
[LOG] SystemI::createSoundInternal             : exinfo->suggestedsoundtype = 5
[LOG] SystemI::createSoundInternal             : exinfo->useropen           = 0x1b6748212
[LOG] SystemI::createSoundInternal             : exinfo->userclose          = 0x1b67482d6
[LOG] SystemI::createSoundInternal             : exinfo->userread           = 0x1b6748309
[LOG] SystemI::createSoundInternal             : exinfo->userseek           = 0x1b67483a8
[LOG] SystemI::createSoundInternal             : exinfo->fileuserdata       = 0x7f80f0f0b3f8
[LOG] SystemI::createSoundInternal             : exinfo->initialseekpostype = 1
[LOG] SystemI::DSPCodecPoolRegister            : register codec pool for pool type 4
[LOG] SystemI::createSoundInternal             : Sample 0/1: name='fs_metal - Trimmed', format=5, channels=2, frequency=48000, lengthbytes=3104, lengthpcm=12829, pcmblocksize=0, loopstart=0, loopend=0, mode=0x00000000, channelmask=0x00000000, channelorder=0, peakvolume=0.138580.
[LOG] SystemI::createSoundInternal             : Create name='', mode=0x02000202
[LOG] SystemI::createSoundInternal             : exinfo->cbsize             = 224
[LOG] SystemI::createSoundInternal             : exinfo->length             = 200576
[LOG] SystemI::createSoundInternal             : exinfo->fileoffset         = 31840
[LOG] SystemI::createSoundInternal             : exinfo->numsubsounds       = 1
[LOG] SystemI::createSoundInternal             : exinfo->inclusionlist      = 0x70000a2f2914
[LOG] SystemI::createSoundInternal             : exinfo->inclusionlistnum   = 1
[LOG] SystemI::createSoundInternal             : exinfo->suggestedsoundtype = 5
[LOG] SystemI::createSoundInternal             : exinfo->useropen           = 0x1b6748212
[LOG] SystemI::createSoundInternal             : exinfo->userclose          = 0x1b67482d6
[LOG] SystemI::createSoundInternal             : exinfo->userread           = 0x1b6748309
[LOG] SystemI::createSoundInternal             : exinfo->userseek           = 0x1b67483a8
[LOG] SystemI::createSoundInternal             : exinfo->fileuserdata       = 0x7f80f0f0b3f8
[LOG] SystemI::createSoundInternal             : exinfo->initialseekpostype = 1
[LOG] SystemI::DSPCodecPoolRegister            : register codec pool for pool type 4
[LOG] SystemI::createSoundInternal             : Sample 0/1: name='fs_concrete - Trimmed (13)', format=5, channels=2, frequency=48000, lengthbytes=3328, lengthpcm=13099, pcmblocksize=0, loopstart=0, loopend=0, mode=0x00000000, channelmask=0x00000000, channelorder=0, peakvolume=0.147491.
[LOG] SystemI::createSoundInternal             : Create name='', mode=0x02000202
[LOG] SystemI::createSoundInternal             : exinfo->cbsize             = 224
[LOG] SystemI::createSoundInternal             : exinfo->length             = 200576
[LOG] SystemI::createSoundInternal             : exinfo->fileoffset         = 31840
[LOG] SystemI::createSoundInternal             : exinfo->numsubsounds       = 1
[LOG] SystemI::createSoundInternal             : exinfo->inclusionlist      = 0x70000a2f2914
[LOG] SystemI::createSoundInternal             : exinfo->inclusionlistnum   = 1
[LOG] SystemI::createSoundInternal             : exinfo->suggestedsoundtype = 5
[LOG] SystemI::createSoundInternal             : exinfo->useropen           = 0x1b6748212
[LOG] SystemI::createSoundInternal             : exinfo->userclose          = 0x1b67482d6
[LOG] SystemI::createSoundInternal             : exinfo->userread           = 0x1b6748309
[LOG] SystemI::createSoundInternal             : exinfo->userseek           = 0x1b67483a8
[LOG] SystemI::createSoundInternal             : exinfo->fileuserdata       = 0x7f80f0f0b3f8
[LOG] SystemI::createSoundInternal             : exinfo->initialseekpostype = 1
[LOG] SystemI::DSPCodecPoolRegister            : register codec pool for pool type 4
[LOG] SystemI::createSoundInternal             : Sample 0/1: name='fs_metal - Trimmed (15)', format=5, channels=2, frequency=48000, lengthbytes=3296, lengthpcm=13121, pcmblocksize=0, loopstart=0, loopend=0, mode=0x00000000, channelmask=0x00000000, channelorder=0, peakvolume=0.135437.
[LOG] SystemI::createSoundInternal             : Create name='', mode=0x02000202
[LOG] SystemI::createSoundInternal             : exinfo->cbsize             = 224
[LOG] SystemI::createSoundInternal             : exinfo->length             = 200576
[LOG] SystemI::createSoundInternal             : exinfo->fileoffset         = 31840
[LOG] SystemI::createSoundInternal             : exinfo->numsubsounds       = 1
[LOG] SystemI::createSoundInternal             : exinfo->inclusionlist      = 0x70000a2f2914
[LOG] SystemI::createSoundInternal             : exinfo->inclusionlistnum   = 1
[LOG] SystemI::createSoundInternal             : exinfo->suggestedsoundtype = 5
[LOG] SystemI::createSoundInternal             : exinfo->useropen           = 0x1b6748212
[LOG] SystemI::createSoundInternal             : exinfo->userclose          = 0x1b67482d6
[LOG] SystemI::createSoundInternal             : exinfo->userread           = 0x1b6748309
[LOG] SystemI::createSoundInternal             : exinfo->userseek           = 0x1b67483a8
[LOG] SystemI::createSoundInternal             : exinfo->fileuserdata       = 0x7f80f0f0b3f8
[LOG] SystemI::createSoundInternal             : exinfo->initialseekpostype = 1
[LOG] SystemI::DSPCodecPoolRegister            : register codec pool for pool type 4
[LOG] SystemI::createSoundInternal             : Sample 0/1: name='fs_concrete - Trimmed (11)', format=5, channels=2, frequency=48000, lengthbytes=3328, lengthpcm=13099, pcmblocksize=0, loopstart=0, loopend=0, mode=0x00000000, channelmask=0x00000000, channelorder=0, peakvolume=0.146027.
[LOG] SystemI::createSoundInternal             : Create name='', mode=0x02000202
[LOG] SystemI::createSoundInternal             : exinfo->cbsize             = 224
[LOG] SystemI::createSoundInternal             : exinfo->length             = 200576
[LOG] SystemI::createSoundInternal             : exinfo->fileoffset         = 31840
[LOG] SystemI::createSoundInternal             : exinfo->numsubsounds       = 1
[LOG] SystemI::createSoundInternal             : exinfo->inclusionlist      = 0x70000a2f2914
[LOG] SystemI::createSoundInternal             : exinfo->inclusionlistnum   = 1
[LOG] SystemI::createSoundInternal             : exinfo->suggestedsoundtype = 5
[LOG] SystemI::createSoundInternal             : exinfo->useropen           = 0x1b6748212
[LOG] SystemI::createSoundInternal             : exinfo->userclose          = 0x1b67482d6
[LOG] SystemI::createSoundInternal             : exinfo->userread           = 0x1b6748309
[LOG] SystemI::createSoundInternal             : exinfo->userseek           = 0x1b67483a8
[LOG] SystemI::createSoundInternal             : exinfo->fileuserdata       = 0x7f80f0f0b3f8
[LOG] SystemI::createSoundInternal             : exinfo->initialseekpostype = 1
[LOG] SystemI::DSPCodecPoolRegister            : register codec pool for pool type 4
[LOG] SystemI::createSoundInternal             : Sample 0/1: name='fs_error', format=5, channels=2, frequency=48000, lengthbytes=2976, lengthpcm=12934, pcmblocksize=0, loopstart=0, loopend=0, mode=0x00000000, channelmask=0x00000000, channelorder=0, peakvolume=0.066711.
[LOG] SystemI::createSoundInternal             : Create name='', mode=0x02000202
[LOG] SystemI::createSoundInternal             : exinfo->cbsize             = 224
[LOG] SystemI::createSoundInternal             : exinfo->length             = 200576
[LOG] SystemI::createSoundInternal             : exinfo->fileoffset         = 31840
[LOG] SystemI::createSoundInternal             : exinfo->numsubsounds       = 1
[LOG] SystemI::createSoundInternal             : exinfo->inclusionlist      = 0x70000a2f2914
[LOG] SystemI::createSoundInternal             : exinfo->inclusionlistnum   = 1
[LOG] SystemI::createSoundInternal             : exinfo->suggestedsoundtype = 5
[LOG] SystemI::createSoundInternal             : exinfo->useropen           = 0x1b6748212
[LOG] SystemI::createSoundInternal             : exinfo->userclose          = 0x1b67482d6
[LOG] SystemI::createSoundInternal             : exinfo->userread           = 0x1b6748309
[LOG] SystemI::createSoundInternal             : exinfo->userseek           = 0x1b67483a8
[LOG] SystemI::createSoundInternal             : exinfo->fileuserdata       = 0x7f80f0f0b3f8
[LOG] SystemI::createSoundInternal             : exinfo->initialseekpostype = 1
[LOG] SystemI::DSPCodecPoolRegister            : register codec pool for pool type 4
[LOG] SystemI::createSoundInternal             : Sample 0/1: name='fs_concrete - Trimmed (7)', format=5, channels=2, frequency=48000, lengthbytes=3040, lengthpcm=13147, pcmblocksize=0, loopstart=0, loopend=0, mode=0x00000000, channelmask=0x00000000, channelorder=0, peakvolume=0.142487.
[LOG] SystemI::createSoundInternal             : Create name='', mode=0x02000202
[LOG] SystemI::createSoundInternal             : exinfo->cbsize             = 224
[LOG] SystemI::createSoundInternal             : exinfo->length             = 200576
[LOG] SystemI::createSoundInternal             : exinfo->fileoffset         = 31840
[LOG] SystemI::createSoundInternal             : exinfo->numsubsounds       = 1
[LOG] SystemI::createSoundInternal             : exinfo->inclusionlist      = 0x70000a2f2914
[LOG] SystemI::createSoundInternal             : exinfo->inclusionlistnum   = 1
[LOG] SystemI::createSoundInternal             : exinfo->suggestedsoundtype = 5
[LOG] SystemI::createSoundInternal             : exinfo->useropen           = 0x1b6748212
[LOG] SystemI::createSoundInternal             : exinfo->userclose          = 0x1b67482d6
[LOG] SystemI::createSoundInternal             : exinfo->userread           = 0x1b6748309
[LOG] SystemI::createSoundInternal             : exinfo->userseek           = 0x1b67483a8
[LOG] SystemI::createSoundInternal             : exinfo->fileuserdata       = 0x7f80f0f0b3f8
[LOG] SystemI::createSoundInternal             : exinfo->initialseekpostype = 1
[LOG] SystemI::DSPCodecPoolRegister            : register codec pool for pool type 4
[LOG] SystemI::createSoundInternal             : Sample 0/1: name='fs_metal - Trimmed (2)', format=5, channels=2, frequency=48000, lengthbytes=3296, lengthpcm=13081, pcmblocksize=0, loopstart=0, loopend=0, mode=0x00000000, channelmask=0x00000000, channelorder=0, peakvolume=0.135254.
[LOG] SystemI::createSoundInternal             : Create name='', mode=0x02000202
[LOG] SystemI::createSoundInternal             : exinfo->cbsize             = 224
[LOG] SystemI::createSoundInternal             : exinfo->length             = 200576
[LOG] SystemI::createSoundInternal             : exinfo->fileoffset         = 31840
[LOG] SystemI::createSoundInternal             : exinfo->numsubsounds       = 1
[LOG] SystemI::createSoundInternal             : exinfo->inclusionlist      = 0x70000a2f2914
[LOG] SystemI::createSoundInternal             : exinfo->inclusionlistnum   = 1
[LOG] SystemI::createSoundInternal             : exinfo->suggestedsoundtype = 5
[LOG] SystemI::createSoundInternal             : exinfo->useropen           = 0x1b6748212
[LOG] SystemI::createSoundInternal             : exinfo->userclose          = 0x1b67482d6
[LOG] SystemI::createSoundInternal             : exinfo->userread           = 0x1b6748309
[LOG] SystemI::createSoundInternal             : exinfo->userseek           = 0x1b67483a8
[LOG] SystemI::createSoundInternal             : exinfo->fileuserdata       = 0x7f80f0f0b3f8
[LOG] SystemI::createSoundInternal             : exinfo->initialseekpostype = 1
[LOG] SystemI::DSPCodecPoolRegister            : register codec pool for pool type 4
[LOG] SystemI::createSoundInternal             : Sample 0/1: name='fs_metal - Trimmed (7)', format=5, channels=2, frequency=48000, lengthbytes=3296, lengthpcm=13101, pcmblocksize=0, loopstart=0, loopend=0, mode=0x00000000, channelmask=0x00000000, channelorder=0, peakvolume=0.141418.
[LOG] SystemI::createSoundInternal             : Create name='', mode=0x02000202
[LOG] SystemI::createSoundInternal             : exinfo->cbsize             = 224
[LOG] SystemI::createSoundInternal             : exinfo->length             = 200576
[LOG] SystemI::createSoundInternal             : exinfo->fileoffset         = 31840
[LOG] SystemI::createSoundInternal             : exinfo->numsubsounds       = 1
[LOG] SystemI::createSoundInternal             : exinfo->inclusionlist      = 0x70000a2f2914
[LOG] SystemI::createSoundInternal             : exinfo->inclusionlistnum   = 1
[LOG] SystemI::createSoundInternal             : exinfo->suggestedsoundtype = 5
[LOG] SystemI::createSoundInternal             : exinfo->useropen           = 0x1b6748212
[LOG] SystemI::createSoundInternal             : exinfo->userclose          = 0x1b67482d6
[LOG] SystemI::createSoundInternal             : exinfo->userread           = 0x1b6748309
[LOG] SystemI::createSoundInternal             : exinfo->userseek           = 0x1b67483a8
[LOG] SystemI::createSoundInternal             : exinfo->fileuserdata       = 0x7f80f0f0b3f8
[LOG] SystemI::createSoundInternal             : exinfo->initialseekpostype = 1
[LOG] SystemI::DSPCodecPoolRegister            : register codec pool for pool type 4
[LOG] SystemI::createSoundInternal             : Sample 0/1: name='fs_concrete - Trimmed (8)', format=5, channels=2, frequency=48000, lengthbytes=3008, lengthpcm=12962, pcmblocksize=0, loopstart=0, loopend=0, mode=0x00000000, channelmask=0x00000000, channelorder=0, peakvolume=0.146362.
[LOG] SystemI::createSoundInternal             : Create name='', mode=0x02000202
[LOG] SystemI::createSoundInternal             : exinfo->cbsize             = 224
[LOG] SystemI::createSoundInternal             : exinfo->length             = 200576
[LOG] SystemI::createSoundInternal             : exinfo->fileoffset         = 31840
[LOG] SystemI::createSoundInternal             : exinfo->numsubsounds       = 1
[LOG] SystemI::createSoundInternal             : exinfo->inclusionlist      = 0x70000a2f2914
[LOG] SystemI::createSoundInternal             : exinfo->inclusionlistnum   = 1
[LOG] SystemI::createSoundInternal             : exinfo->suggestedsoundtype = 5
[LOG] SystemI::createSoundInternal             : exinfo->useropen           = 0x1b6748212
[LOG] SystemI::createSoundInternal             : exinfo->userclose          = 0x1b67482d6
[LOG] SystemI::createSoundInternal             : exinfo->userread           = 0x1b6748309
[LOG] SystemI::createSoundInternal             : exinfo->userseek           = 0x1b67483a8
[LOG] SystemI::createSoundInternal             : exinfo->fileuserdata       = 0x7f80f0f0b3f8
[LOG] SystemI::createSoundInternal             : exinfo->initialseekpostype = 1
[LOG] SystemI::DSPCodecPoolRegister            : register codec pool for pool type 4
[LOG] SystemI::createSoundInternal             : Sample 0/1: name='fs_concrete - Trimmed (2)', format=5, channels=2, frequency=48000, lengthbytes=3232, lengthpcm=13081, pcmblocksize=0, loopstart=0, loopend=0, mode=0x00000000, channelmask=0x00000000, channelorder=0, peakvolume=0.145233.
[LOG] SystemI::createSoundInternal             : Create name='', mode=0x02000202
[LOG] SystemI::createSoundInternal             : exinfo->cbsize             = 224
[LOG] SystemI::createSoundInternal             : exinfo->length             = 200576
[LOG] SystemI::createSoundInternal             : exinfo->fileoffset         = 31840
[LOG] SystemI::createSoundInternal             : exinfo->numsubsounds       = 1
[LOG] SystemI::createSoundInternal             : exinfo->inclusionlist      = 0x70000a2f2914
[LOG] SystemI::createSoundInternal             : exinfo->inclusionlistnum   = 1
[LOG] SystemI::createSoundInternal             : exinfo->suggestedsoundtype = 5
[LOG] SystemI::createSoundInternal             : exinfo->useropen           = 0x1b6748212
[LOG] SystemI::createSoundInternal             : exinfo->userclose          = 0x1b67482d6
[LOG] SystemI::createSoundInternal             : exinfo->userread           = 0x1b6748309
[LOG] SystemI::createSoundInternal             : exinfo->userseek           = 0x1b67483a8
[LOG] SystemI::createSoundInternal             : exinfo->fileuserdata       = 0x7f80f0f0b3f8
[LOG] SystemI::createSoundInternal             : exinfo->initialseekpostype = 1
[LOG] SystemI::DSPCodecPoolRegister            : register codec pool for pool type 4
[LOG] SystemI::createSoundInternal             : Sample 0/1: name='fs_concrete - Trimmed', format=5, channels=2, frequency=48000, lengthbytes=3040, lengthpcm=12829, pcmblocksize=0, loopstart=0, loopend=0, mode=0x00000000, channelmask=0x00000000, channelorder=0, peakvolume=0.147461.
[LOG] SystemI::createSoundInternal             : Create name='', mode=0x02000202
[LOG] SystemI::createSoundInternal             : exinfo->cbsize             = 224
[LOG] SystemI::createSoundInternal             : exinfo->length             = 200576
[LOG] SystemI::createSoundInternal             : exinfo->fileoffset         = 31840
[LOG] SystemI::createSoundInternal             : exinfo->numsubsounds       = 1
[LOG] SystemI::createSoundInternal             : exinfo->inclusionlist      = 0x70000a2f2914
[LOG] SystemI::createSoundInternal             : exinfo->inclusionlistnum   = 1
[LOG] SystemI::createSoundInternal             : exinfo->suggestedsoundtype = 5
[LOG] SystemI::createSoundInternal             : exinfo->useropen           = 0x1b6748212
[LOG] SystemI::createSoundInternal             : exinfo->userclose          = 0x1b67482d6
[LOG] SystemI::createSoundInternal             : exinfo->userread           = 0x1b6748309
[LOG] SystemI::createSoundInternal             : exinfo->userseek           = 0x1b67483a8
[LOG] SystemI::createSoundInternal             : exinfo->fileuserdata       = 0x7f80c6f4c208
[LOG] SystemI::createSoundInternal             : exinfo->initialseekpostype = 1
[LOG] SystemI::DSPCodecPoolRegister            : register codec pool for pool type 4
[LOG] SystemI::createSoundInternal             : Sample 0/1: name='18 Oxygen_Used04', format=5, channels=2, frequency=48000, lengthbytes=8672, lengthpcm=39272, pcmblocksize=0, loopstart=0, loopend=0, mode=0x00000000, channelmask=0x00000000, channelorder=0, peakvolume=0.020386.
[LOG] SystemI::createSoundInternal             : Create name='', mode=0x02000202
[LOG] SystemI::createSoundInternal             : exinfo->cbsize             = 224
[LOG] SystemI::createSoundInternal             : exinfo->length             = 200576
[LOG] SystemI::createSoundInternal             : exinfo->fileoffset         = 31840
[LOG] SystemI::createSoundInternal             : exinfo->numsubsounds       = 1
[LOG] SystemI::createSoundInternal             : exinfo->inclusionlist      = 0x70000a2f2914
[LOG] SystemI::createSoundInternal             : exinfo->inclusionlistnum   = 1
[LOG] SystemI::createSoundInternal             : exinfo->suggestedsoundtype = 5
[LOG] SystemI::createSoundInternal             : exinfo->useropen           = 0x1b6748212
[LOG] SystemI::createSoundInternal             : exinfo->userclose          = 0x1b67482d6
[LOG] SystemI::createSoundInternal             : exinfo->userread           = 0x1b6748309
[LOG] SystemI::createSoundInternal             : exinfo->userseek           = 0x1b67483a8
[LOG] SystemI::createSoundInternal             : exinfo->fileuserdata       = 0x7f80c6f4c208
[LOG] SystemI::createSoundInternal             : exinfo->initialseekpostype = 1
[LOG] SystemI::DSPCodecPoolRegister            : register codec pool for pool type 4
[LOG] SystemI::createSoundInternal             : Sample 0/1: name='16 Oxygen_Used02', format=5, channels=2, frequency=48000, lengthbytes=8736, lengthpcm=39272, pcmblocksize=0, loopstart=0, loopend=0, mode=0x00000000, channelmask=0x00000000, channelorder=0, peakvolume=0.017181.
[LOG] SystemI::createSoundInternal             : Create name='', mode=0x02000202
[LOG] SystemI::createSoundInternal             : exinfo->cbsize             = 224
[LOG] SystemI::createSoundInternal             : exinfo->length             = 200576
[LOG] SystemI::createSoundInternal             : exinfo->fileoffset         = 31840
[LOG] SystemI::createSoundInternal             : exinfo->numsubsounds       = 1
[LOG] SystemI::createSoundInternal             : exinfo->inclusionlist      = 0x70000a2f2914
[LOG] SystemI::createSoundInternal             : exinfo->inclusionlistnum   = 1
[LOG] SystemI::createSoundInternal             : exinfo->suggestedsoundtype = 5
[LOG] SystemI::createSoundInternal             : exinfo->useropen           = 0x1b6748212
[LOG] SystemI::createSoundInternal             : exinfo->userclose          = 0x1b67482d6
[LOG] SystemI::createSoundInternal             : exinfo->userread           = 0x1b6748309
[LOG] SystemI::createSoundInternal             : exinfo->userseek           = 0x1b67483a8
[LOG] SystemI::createSoundInternal             : exinfo->fileuserdata       = 0x7f80c6f4c208
[LOG] SystemI::createSoundInternal             : exinfo->initialseekpostype = 1
[LOG] SystemI::DSPCodecPoolRegister            : register codec pool for pool type 4
[LOG] SystemI::createSoundInternal             : Sample 0/1: name='15 Oxygen_Used01', format=5, channels=2, frequency=48000, lengthbytes=8672, lengthpcm=39272, pcmblocksize=0, loopstart=0, loopend=0, mode=0x00000000, channelmask=0x00000000, channelorder=0, peakvolume=0.021851.
[LOG] SystemI::createSoundInternal             : Create name='', mode=0x02000202
[LOG] SystemI::createSoundInternal             : exinfo->cbsize             = 224
[LOG] SystemI::createSoundInternal             : exinfo->length             = 200576
[LOG] SystemI::createSoundInternal             : exinfo->fileoffset         = 31840
[LOG] SystemI::createSoundInternal             : exinfo->numsubsounds       = 1
[LOG] SystemI::createSoundInternal             : exinfo->inclusionlist      = 0x70000a2f2914
[LOG] SystemI::createSoundInternal             : exinfo->inclusionlistnum   = 1
[LOG] SystemI::createSoundInternal             : exinfo->suggestedsoundtype = 5
[LOG] SystemI::createSoundInternal             : exinfo->useropen           = 0x1b6748212
[LOG] SystemI::createSoundInternal             : exinfo->userclose          = 0x1b67482d6
[LOG] SystemI::createSoundInternal             : exinfo->userread           = 0x1b6748309
[LOG] SystemI::createSoundInternal             : exinfo->userseek           = 0x1b67483a8
[LOG] SystemI::createSoundInternal             : exinfo->fileuserdata       = 0x7f80c6f4c208
[LOG] SystemI::createSoundInternal             : exinfo->initialseekpostype = 1
[LOG] SystemI::DSPCodecPoolRegister            : register codec pool for pool type 4
[LOG] SystemI::createSoundInternal             : Sample 0/1: name='17 Oxygen_Used03', format=5, channels=2, frequency=48000, lengthbytes=8736, lengthpcm=39272, pcmblocksize=0, loopstart=0, loopend=0, mode=0x00000000, channelmask=0x00000000, channelorder=0, peakvolume=0.019348.
[LOG] SystemI::createSoundInternal             : Create name='', mode=0x02000202
[LOG] SystemI::createSoundInternal             : exinfo->cbsize             = 224
[LOG] SystemI::createSoundInternal             : exinfo->length             = 200576
[LOG] SystemI::createSoundInternal             : exinfo->fileoffset         = 31840
[LOG] SystemI::createSoundInternal             : exinfo->numsubsounds       = 1
[LOG] SystemI::createSoundInternal             : exinfo->inclusionlist      = 0x70000a2f2914
[LOG] SystemI::createSoundInternal             : exinfo->inclusionlistnum   = 1
[LOG] SystemI::createSoundInternal             : exinfo->suggestedsoundtype = 5
[LOG] SystemI::createSoundInternal             : exinfo->useropen           = 0x1b6748212
[LOG] SystemI::createSoundInternal             : exinfo->userclose          = 0x1b67482d6
[LOG] SystemI::createSoundInternal             : exinfo->userread           = 0x1b6748309
[LOG] SystemI::createSoundInternal             : exinfo->userseek           = 0x1b67483a8
[LOG] SystemI::createSoundInternal             : exinfo->fileuserdata       = 0x7f80c27065e8
[LOG] SystemI::createSoundInternal             : exinfo->initialseekpostype = 1
[LOG] SystemI::DSPCodecPoolRegister            : register codec pool for pool type 4
[LOG] SystemI::createSoundInternal             : Sample 0/1: name='button', format=5, channels=2, frequency=48000, lengthbytes=7520, lengthpcm=26026, pcmblocksize=0, loopstart=0, loopend=0, mode=0x00000000, channelmask=0x00000000, channelorder=0, peakvolume=0.213226.
[LOG] SystemI::createSoundInternal             : Create name='', mode=0x02000202
[LOG] SystemI::createSoundInternal             : exinfo->cbsize             = 224
[LOG] SystemI::createSoundInternal             : exinfo->length             = 200576
[LOG] SystemI::createSoundInternal             : exinfo->fileoffset         = 31840
[LOG] SystemI::createSoundInternal             : exinfo->numsubsounds       = 1
[LOG] SystemI::createSoundInternal             : exinfo->inclusionlist      = 0x70000a2f2914
[LOG] SystemI::createSoundInternal             : exinfo->inclusionlistnum   = 1
[LOG] SystemI::createSoundInternal             : exinfo->suggestedsoundtype = 5
[LOG] SystemI::createSoundInternal             : exinfo->useropen           = 0x1b6748212
[LOG] SystemI::createSoundInternal             : exinfo->userclose          = 0x1b67482d6
[LOG] SystemI::createSoundInternal             : exinfo->userread           = 0x1b6748309
[LOG] SystemI::createSoundInternal             : exinfo->userseek           = 0x1b67483a8
[LOG] SystemI::createSoundInternal             : exinfo->fileuserdata       = 0x7f80c6b72318
[LOG] SystemI::createSoundInternal             : exinfo->initialseekpostype = 1
[LOG] SystemI::DSPCodecPoolRegister            : register codec pool for pool type 4
[LOG] SystemI::createSoundInternal             : Sample 0/1: name='button_OnTick', format=5, channels=2, frequency=48000, lengthbytes=1632, lengthpcm=6545, pcmblocksize=0, loopstart=0, loopend=0, mode=0x00000000, channelmask=0x00000000, channelorder=0, peakvolume=0.191650.
[LOG] SystemI::createSoundInternal             : Create name='', mode=0x02000202
[LOG] SystemI::createSoundInternal             : exinfo->cbsize             = 224
[LOG] SystemI::createSoundInternal             : exinfo->length             = 200576
[LOG] SystemI::createSoundInternal             : exinfo->fileoffset         = 31840
[LOG] SystemI::createSoundInternal             : exinfo->numsubsounds       = 1
[LOG] SystemI::createSoundInternal             : exinfo->inclusionlist      = 0x70000a2f2914
[LOG] SystemI::createSoundInternal             : exinfo->inclusionlistnum   = 1
[LOG] SystemI::createSoundInternal             : exinfo->suggestedsoundtype = 5
[LOG] SystemI::createSoundInternal             : exinfo->useropen           = 0x1b6748212
[LOG] SystemI::createSoundInternal             : exinfo->userclose          = 0x1b67482d6
[LOG] SystemI::createSoundInternal             : exinfo->userread           = 0x1b6748309
[LOG] SystemI::createSoundInternal             : exinfo->userseek           = 0x1b67483a8
[LOG] SystemI::createSoundInternal             : exinfo->fileuserdata       = 0x7f80c3bde1d8
[LOG] SystemI::createSoundInternal             : exinfo->initialseekpostype = 1
[LOG] SystemI::DSPCodecPoolRegister            : register codec pool for pool type 4
[LOG] SystemI::createSoundInternal             : Sample 0/1: name='Button_OnUnpress', format=5, channels=2, frequency=48000, lengthbytes=6784, lengthpcm=26182, pcmblocksize=0, loopstart=0, loopend=0, mode=0x00000000, channelmask=0x00000000, channelorder=0, peakvolume=0.291992.
[LOG] SoundI::release                          :  (0x7f80c6becd28)
[LOG] SoundI::release                          :     fs_metal - Trimmed (10) (0x7f80c6bece78)
[LOG] SoundI::release                          :  (0x7f80c6bec8b8)
[LOG] SoundI::release                          :     fs_metal - Trimmed (11) (0x7f80c6beca08)
[LOG] SoundI::release                          :  (0x7f80c60a6cf8)
[LOG] SoundI::release                          :     fs_metal - Trimmed (12) (0x7f80c60a6e48)
[LOG] SoundI::release                          :  (0x7f80c60a6418)
[LOG] SoundI::release                          :     fs_metal - Trimmed (13) (0x7f80c60a6568)
[LOG] SoundI::release                          :  (0x7f80c60a5fa8)
[LOG] SoundI::release                          :     fs_metal - Trimmed (14) (0x7f80c60a60f8)
[LOG] SoundI::release                          :  (0x7f80c60a8a68)
[LOG] SoundI::release                          :     fs_metal - Trimmed (15) (0x7f80c60a2e48)
[LOG] SoundI::release                          :  (0x7f80c6a5a948)
[LOG] SoundI::release                          :     fs_metal - Trimmed (16) (0x7f80c6a5aa98)
[LOG] SoundI::release                          :  (0x7f80c60a3eb8)
[LOG] SoundI::release                          :     fs_metal - Trimmed (2) (0x7f80c60a4008)
[LOG] SoundI::release                          :  (0x7f80c6bec3d8)
[LOG] SoundI::release                          :     fs_metal - Trimmed (3) (0x7f80c6bec598)
[LOG] SoundI::release                          :  (0x7f80c6beda78)
[LOG] SoundI::release                          :     fs_metal - Trimmed (4) (0x7f80c6bedbc8)
[LOG] SoundI::release                          :  (0x7f80c6bed608)
[LOG] SoundI::release                          :     fs_metal - Trimmed (5) (0x7f80c6bed758)
[LOG] SoundI::release                          :  (0x7f80c60a56c8)
[LOG] SoundI::release                          :     fs_metal - Trimmed (6) (0x7f80c60a5818)
[LOG] SoundI::release                          :  (0x7f80c60a4328)
[LOG] SoundI::release                          :     fs_metal - Trimmed (7) (0x7f80c60a4478)
[LOG] SoundI::release                          :  (0x7f80c60a75d8)
[LOG] SoundI::release                          :     fs_metal - Trimmed (8) (0x7f80c60a7728)
[LOG] SoundI::release                          :  (0x7f80c60a7a48)
[LOG] SoundI::release                          :     fs_metal - Trimmed (9) (0x7f80c60a7b98)
[LOG] SoundI::release                          :  (0x7f80c60a8328)
[LOG] SoundI::release                          :     fs_metal - Trimmed (0x7f80c60a8478)
[LOG] SoundI::release                          :  (0x7f80c60a35d8)
[LOG] SoundI::release                          :     fs_error (0x7f80c60a3728)
[LOG] SoundI::release                          :  (0x7f80c60ae9b8)
[LOG] SoundI::release                          :     fs_concrete - Trimmed (10) (0x7f80c60a4ac8)
[LOG] SoundI::release                          :  (0x7f80c60a3168)
[LOG] SoundI::release                          :     fs_concrete - Trimmed (11) (0x7f80c60a32b8)
[LOG] SoundI::release                          :  (0x7f80c60ae548)
[LOG] SoundI::release                          :     fs_concrete - Trimmed (12) (0x7f80c60ae698)
[LOG] SoundI::release                          :  (0x7f80c60a8798)
[LOG] SoundI::release                          :     fs_concrete - Trimmed (13) (0x7f80c60a88e8)
[LOG] SoundI::release                          :  (0x7f80c6a5adb8)
[LOG] SoundI::release                          :     fs_concrete - Trimmed (14) (0x7f80c6a5af08)
[LOG] SoundI::release                          :  (0x7f80c60a6888)
[LOG] SoundI::release                          :     fs_concrete - Trimmed (15) (0x7f80c60a69d8)
[LOG] SoundI::release                          :  (0x7f80c60a5258)
[LOG] SoundI::release                          :     fs_concrete - Trimmed (16) (0x7f80c60a53a8)
[LOG] SoundI::release                          :  (0x7f80c60a48e8)
[LOG] SoundI::release                          :     fs_concrete - Trimmed (2) (0x7f80c6099ee8)
[LOG] SoundI::release                          :  (0x7f80c60a7eb8)
[LOG] SoundI::release                          :     fs_concrete - Trimmed (3) (0x7f80c60a8008)
[LOG] SoundI::release                          :  (0x7f80c60a4de8)
[LOG] SoundI::release                          :     fs_concrete - Trimmed (4) (0x7f80c60a4f38)
[LOG] SoundI::release                          :  (0x7f80c60a7168)
[LOG] SoundI::release                          :     fs_concrete - Trimmed (5) (0x7f80c60a72b8)
[LOG] SoundI::release                          :  (0x7f80c6bed198)
[LOG] SoundI::release                          :     fs_concrete - Trimmed (6) (0x7f80c6bed2e8)
[LOG] SoundI::release                          :  (0x7f80c60a3a48)
[LOG] SoundI::release                          :     fs_concrete - Trimmed (7) (0x7f80c60a3b98)
[LOG] SoundI::release                          :  (0x7f80c60a4798)
[LOG] SoundI::release                          :     fs_concrete - Trimmed (8) (0x7f80c6099bc8)
[LOG] SoundI::release                          :  (0x7f80c60a5b38)
[LOG] SoundI::release                          :     fs_concrete - Trimmed (9) (0x7f80c60a5c88)
[LOG] SoundI::release                          :  (0x7f80c609a208)
[LOG] SoundI::release                          :     fs_concrete - Trimmed (0x7f80c609a358)
[LOG] SoundI::release                          :  (0x7f80c6411d68)
[LOG] SoundI::release                          :     button (0x7f80c6411eb8)
[LOG] SoundI::release                          :  (0x7f80c3bde618)
[LOG] SoundI::release                          :     Button_OnUnpress (0x7f80c3bd5828)
[LOG] SoundI::release                          :  (0x7f80c6b728f8)
[LOG] SoundI::release                          :     button_OnTick (0x7f80c6b72a48)
[LOG] SoundI::release                          :  (0x7f80c6f4d0c8)
[LOG] SoundI::release                          :     15 Oxygen_Used01 (0x7f80c6f4d218)
[LOG] SoundI::release                          :  (0x7f80c6f4cc58)
[LOG] SoundI::release                          :     16 Oxygen_Used02 (0x7f80c6f4cda8)
[LOG] SoundI::release                          :  (0x7f80c6f4d538)
[LOG] SoundI::release                          :     17 Oxygen_Used03 (0x7f80c6f4d688)
[LOG] SoundI::release                          :  (0x7f80c6f4c7e8)
[LOG] SoundI::release                          :     18 Oxygen_Used04 (0x7f80c6f4c938)
[LOG] Thread::callback                         : FMOD Studio bank load thread finished.
[LOG] Thread::callback                         : FMOD Studio sample load thread finished.
[LOG] LiveUpdate::release                      : 
[LOG] LiveUpdate::reset                        : Reset connection (reason Disconnected)
[LOG] Thread::callback                         : FMOD stream thread finished.
[LOG] Thread::callback                         : FMOD mixer thread finished.
[LOG] SystemI::closeInternal                   : Closed.
